#
# There is insufficient memory for the Java Runtime Environment to continue.
# Native memory allocation (malloc) failed to allocate 1048576 bytes for AllocateHeap
# Possible reasons:
#   The system is out of physical RAM or swap space
#   In 32 bit mode, the process size limit was hit
# Possible solutions:
#   Reduce memory load on the system
#   Increase physical memory or swap space
#   Check if swap backing store is full
#   Use 64 bit Java on a 64 bit OS
#   Decrease Java heap size (-Xmx/-Xms)
#   Decrease number of Java threads
#   Decrease Java thread stack sizes (-Xss)
#   Set larger code cache with -XX:ReservedCodeCacheSize=
# This output file may be truncated or incomplete.
#
#  Out of Memory Error (memory/allocation.inline.hpp:61), pid=20196, tid=0x0000000000001c14
#
# JRE version:  (8.0_144-b01) (build )
# Java VM: Java HotSpot(TM) 64-Bit Server VM (25.144-b01 mixed mode windows-amd64 compressed oops)
# Failed to write core dump. Minidumps are not enabled by default on client versions of Windows
#

---------------  T H R E A D  ---------------

Current thread (0x0000000002e7d800):  JavaThread "Unknown thread" [_thread_in_vm, id=7188, stack(0x0000000002f80000,0x0000000003080000)]

Stack: [0x0000000002f80000,0x0000000003080000]
[error occurred during error reporting (printing stack bounds), id 0xc0000005]

Native frames: (J=compiled Java code, j=interpreted, Vv=VM code, C=native code)


---------------  P R O C E S S  ---------------

Java Threads: ( => current thread )

Other Threads:

=>0x0000000002e7d800 (exited) JavaThread "Unknown thread" [_thread_in_vm, id=7188, stack(0x0000000002f80000,0x0000000003080000)]

VM state:not at safepoint (normal execution)

VM Mutex/Monitor currently owned by a thread: None

Heap:
 PSYoungGen      total 38400K, used 665K [0x00000000d5f00000, 0x00000000d8980000, 0x0000000100000000)
  eden space 33280K, 2% used [0x00000000d5f00000,0x00000000d5fa6670,0x00000000d7f80000)
  from space 5120K, 0% used [0x00000000d8480000,0x00000000d8480000,0x00000000d8980000)
  to   space 5120K, 0% used [0x00000000d7f80000,0x00000000d7f80000,0x00000000d8480000)
 ParOldGen       total 87552K, used 0K [0x0000000081c00000, 0x0000000087180000, 0x00000000d5f00000)
  object space 87552K, 0% used [0x0000000081c00000,0x0000000081c00000,0x0000000087180000)
 Metaspace       used 770K, capacity 4480K, committed 4480K, reserved 1056768K
  class space    used 75K, capacity 384K, committed 384K, reserved 1048576K

Card table byte_map: [0x0000000012540000,0x0000000012940000] byte_map_base: 0x0000000012132000

Marking Bits: (ParMarkBitMap*) 0x000000006115d850
 Begin Bits: [0x0000000012ff0000, 0x0000000014f80000)
 End Bits:   [0x0000000014f80000, 0x0000000016f10000)

Polling page: 0x0000000001130000

CodeCache: size=245760Kb used=327Kb max_used=327Kb free=245432Kb
 bounds [0x0000000003180000, 0x00000000033f0000, 0x0000000012180000]
 total_blobs=57 nmethods=0 adapters=38
 compilation: enabled

Compilation events (0 events):
No events

GC Heap History (0 events):
No events

Deoptimization events (0 events):
No events

Internal exceptions (0 events):
No events

Events (10 events):
Event: 0.022 loading class java/lang/Short
Event: 0.023 loading class java/lang/Short done
Event: 0.023 loading class java/lang/Integer
Event: 0.023 loading class java/lang/Integer done
Event: 0.023 loading class java/lang/Long
Event: 0.023 loading class java/lang/Long done
Event: 0.023 loading class java/lang/NullPointerException
Event: 0.023 loading class java/lang/NullPointerException done
Event: 0.023 loading class java/lang/ArithmeticException
Event: 0.023 loading class java/lang/ArithmeticException done


Dynamic libraries:
0x00007ff6b6a20000 - 0x00007ff6b6a57000 	C:\Program Files\Java\jdk1.8.0_144\jre\bin\java.exe
0x00007fff30560000 - 0x00007fff30741000 	C:\WINDOWS\SYSTEM32\ntdll.dll
0x00007fff2f1e0000 - 0x00007fff2f292000 	C:\WINDOWS\System32\KERNEL32.DLL
0x00007fff2c930000 - 0x00007fff2cba3000 	C:\WINDOWS\System32\KERNELBASE.dll
0x00007fff2f3a0000 - 0x00007fff2f441000 	C:\WINDOWS\System32\ADVAPI32.dll
0x00007fff2fd20000 - 0x00007fff2fdbe000 	C:\WINDOWS\System32\msvcrt.dll
0x00007fff2fcc0000 - 0x00007fff2fd1b000 	C:\WINDOWS\System32\sechost.dll
0x00007fff2f540000 - 0x00007fff2f664000 	C:\WINDOWS\System32\RPCRT4.dll
0x00007fff2ff50000 - 0x00007fff300e0000 	C:\WINDOWS\System32\USER32.dll
0x00007fff2cbb0000 - 0x00007fff2cbd0000 	C:\WINDOWS\System32\win32u.dll
0x00007fff2f510000 - 0x00007fff2f538000 	C:\WINDOWS\System32\GDI32.dll
0x00007fff2cca0000 - 0x00007fff2ce32000 	C:\WINDOWS\System32\gdi32full.dll
0x00007fff2cfa0000 - 0x00007fff2d03f000 	C:\WINDOWS\System32\msvcp_win.dll
0x00007fff2ce40000 - 0x00007fff2cf3a000 	C:\WINDOWS\System32\ucrtbase.dll
0x00007fff22390000 - 0x00007fff225f9000 	C:\WINDOWS\WinSxS\amd64_microsoft.windows.common-controls_6595b64144ccf1df_6.0.17134.112_none_fb3f961b30681c12\COMCTL32.dll
0x00007fff2ee30000 - 0x00007fff2f153000 	C:\WINDOWS\System32\combase.dll
0x00007fff2cc20000 - 0x00007fff2cc9a000 	C:\WINDOWS\System32\bcryptPrimitives.dll
0x00007fff2f370000 - 0x00007fff2f39d000 	C:\WINDOWS\System32\IMM32.DLL
0x00000000611e0000 - 0x00000000612b2000 	C:\Program Files\Java\jdk1.8.0_144\jre\bin\msvcr100.dll
0x0000000060940000 - 0x00000000611dd000 	C:\Program Files\Java\jdk1.8.0_144\jre\bin\server\jvm.dll
0x00007fff2fcb0000 - 0x00007fff2fcb8000 	C:\WINDOWS\System32\PSAPI.DLL
0x00007fff1afa0000 - 0x00007fff1afa9000 	C:\WINDOWS\SYSTEM32\WSOCK32.dll
0x00007fff2f7f0000 - 0x00007fff2f85c000 	C:\WINDOWS\System32\WS2_32.dll
0x00007fff2a450000 - 0x00007fff2a473000 	C:\WINDOWS\SYSTEM32\WINMM.dll
0x00007fff1f350000 - 0x00007fff1f35a000 	C:\WINDOWS\SYSTEM32\VERSION.dll
0x00007fff29e50000 - 0x00007fff29e7a000 	C:\WINDOWS\SYSTEM32\winmmbase.dll
0x00007fff2cbd0000 - 0x00007fff2cc19000 	C:\WINDOWS\System32\cfgmgr32.dll
0x0000000060930000 - 0x000000006093f000 	C:\Program Files\Java\jdk1.8.0_144\jre\bin\verify.dll
0x0000000060900000 - 0x0000000060929000 	C:\Program Files\Java\jdk1.8.0_144\jre\bin\java.dll
0x00000000608e0000 - 0x00000000608f6000 	C:\Program Files\Java\jdk1.8.0_144\jre\bin\zip.dll

VM Arguments:
java_command: C:\Users\ergas\AppData\Local\Temp\surefire1502095396178000416\surefirebooter4903382350505285692.jar C:\Users\ergas\AppData\Local\Temp\surefire1502095396178000416 2018-07-05T17-09-56_179-jvmRun1 surefire4289188403436844083tmp surefire_05038165218421787141tmp
java_class_path (initial): C:\Users\ergas\AppData\Local\Temp\surefire1502095396178000416\surefirebooter4903382350505285692.jar
Launcher Type: SUN_STANDARD

Environment Variables:
JAVA_HOME=C:\Program Files\Java\jdk1.8.0_144
PATH=;C:\ProgramData\Oracle\Java\javapath;C:\Windows\Microsoft.NET\Framework64\v4.0.30319;C:\WINDOWS\system32;C:\WINDOWS;C:\WINDOWS\System32\Wbem;C:\WINDOWS\System32\WindowsPowerShell\v1.0\;C:\Program Files\Git\cmd;C:\Program Files\Java\jdk1.8.0_144\bin;C:\Program Files\apache-maven-3.5.2-bin\apache-maven-3.5.2\bin;C:\Program Files (x86)\Tesseract-OCR;C:\WINDOWS\System32\OpenSSH\;C:\Users\ergas\AppData\Local\Microsoft\WindowsApps;;C:\Program Files\Microsoft VS Code\bin
USERNAME=ergas
OS=Windows_NT
PROCESSOR_IDENTIFIER=Intel64 Family 6 Model 158 Stepping 9, GenuineIntel



---------------  S Y S T E M  ---------------

OS: Windows 10.0 , 64 bit Build 17134 (10.0.17134.1)

CPU:total 4 (initial active 4) (2 cores per cpu, 2 threads per core) family 6 model 158 stepping 9, cmov, cx8, fxsr, mmx, sse, sse2, sse3, ssse3, sse4.1, sse4.2, popcnt, aes, clmul, erms, 3dnowpref, lzcnt, ht, tsc, tscinvbit

Memory: 4k page, physical 8273616k(975188k free), swap 16666836k(4896k free)

vm_info: Java HotSpot(TM) 64-Bit Server VM (25.144-b01) for windows-amd64 JRE (1.8.0_144-b01), built on Jul 21 2017 21:57:33 by "java_re" with MS VC++ 10.0 (VS2010)

time: Thu Jul 05 17:09:58 2018
elapsed time: 0 seconds (0d 0h 0m 0s)

